2022-09-21 16:42:03.115 [main] INFO  com.atguigu.EduApplication - The following profiles are active: dev
2022-09-21 16:42:04.005 [main] INFO  o.s.d.r.config.RepositoryConfigurationDelegate - Multiple Spring Data modules found, entering strict repository configuration mode!
2022-09-21 16:42:04.010 [main] INFO  o.s.d.r.config.RepositoryConfigurationDelegate - Bootstrapping Spring Data repositories in DEFAULT mode.
2022-09-21 16:42:04.049 [main] INFO  o.s.d.r.config.RepositoryConfigurationDelegate - Finished Spring Data repository scanning in 22ms. Found 0 repository interfaces.
2022-09-21 16:42:04.278 [main] INFO  o.springframework.cloud.context.scope.GenericScope - BeanFactory id=82968557-0bcd-3550-8f27-fd2900f5c426
2022-09-21 16:42:04.388 [main] INFO  o.s.c.s.PostProcessorRegistrationDelegate$BeanPostProcessorChecker - Bean 'org.springframework.transaction.annotation.ProxyTransactionManagementConfiguration' of type [org.springframework.transaction.annotation.ProxyTransactionManagementConfiguration] is not eligible for getting processed by all BeanPostProcessors (for example: not eligible for auto-proxying)
2022-09-21 16:42:04.450 [main] INFO  o.s.c.s.PostProcessorRegistrationDelegate$BeanPostProcessorChecker - Bean 'org.springframework.cloud.autoconfigure.ConfigurationPropertiesRebinderAutoConfiguration' of type [org.springframework.cloud.autoconfigure.ConfigurationPropertiesRebinderAutoConfiguration] is not eligible for getting processed by all BeanPostProcessors (for example: not eligible for auto-proxying)
2022-09-21 16:42:04.722 [main] INFO  o.s.boot.web.embedded.tomcat.TomcatWebServer - Tomcat initialized with port(s): 8001 (http)
2022-09-21 16:42:04.733 [main] INFO  org.apache.coyote.http11.Http11NioProtocol - Initializing ProtocolHandler ["http-nio-8001"]
2022-09-21 16:42:04.734 [main] INFO  org.apache.catalina.core.StandardService - Starting service [Tomcat]
2022-09-21 16:42:04.734 [main] INFO  org.apache.catalina.core.StandardEngine - Starting Servlet engine: [Apache Tomcat/9.0.27]
2022-09-21 16:42:04.862 [main] INFO  o.a.c.core.ContainerBase.[Tomcat].[localhost].[/] - Initializing Spring embedded WebApplicationContext
2022-09-21 16:42:04.862 [main] INFO  org.springframework.web.context.ContextLoader - Root WebApplicationContext: initialization completed in 1729 ms
2022-09-21 16:42:05.057 [main] INFO  com.zaxxer.hikari.HikariDataSource - HikariPool-1 - Starting...
2022-09-21 16:42:05.267 [main] INFO  com.zaxxer.hikari.HikariDataSource - HikariPool-1 - Start completed.
2022-09-21 16:42:06.917 [main] INFO  s.d.s.w.PropertySourcedRequestMappingHandlerMapping - Mapped URL path [/v2/api-docs] onto method [springfox.documentation.swagger2.web.Swagger2Controller#getDocumentation(String, HttpServletRequest)]
2022-09-21 16:42:06.945 [main] INFO  com.netflix.config.sources.URLConfigurationSource - To enable URLs as dynamic configuration sources, define System property archaius.configurationSource.additionalUrls or make config.properties available on classpath.
2022-09-21 16:42:06.956 [main] INFO  com.netflix.config.sources.URLConfigurationSource - To enable URLs as dynamic configuration sources, define System property archaius.configurationSource.additionalUrls or make config.properties available on classpath.
2022-09-21 16:42:07.127 [main] INFO  o.s.scheduling.concurrent.ThreadPoolTaskExecutor - Initializing ExecutorService 'applicationTaskExecutor'
2022-09-21 16:42:09.215 [main] INFO  org.springframework.cloud.commons.util.InetUtils - Cannot determine local hostname
2022-09-21 16:42:09.343 [main] INFO  o.s.scheduling.concurrent.ThreadPoolTaskScheduler - Initializing ExecutorService
2022-09-21 16:42:10.753 [main] INFO  org.springframework.cloud.commons.util.InetUtils - Cannot determine local hostname
2022-09-21 16:42:12.110 [main] INFO  org.springframework.cloud.commons.util.InetUtils - Cannot determine local hostname
2022-09-21 16:42:12.250 [main] INFO  s.d.s.web.plugins.DocumentationPluginsBootstrapper - Context refreshed
2022-09-21 16:42:12.340 [main] INFO  s.d.s.web.plugins.DocumentationPluginsBootstrapper - Found 1 custom documentation plugin(s)
2022-09-21 16:42:12.456 [main] INFO  s.d.spring.web.scanners.ApiListingReferenceScanner - Scanning for api listing references
2022-09-21 16:42:13.210 [main] INFO  s.d.s.w.r.operation.CachingOperationNameGenerator - Generating unique operation named: updateCourseInfoUsingPOST_1
2022-09-21 16:42:13.255 [main] INFO  org.apache.coyote.http11.Http11NioProtocol - Starting ProtocolHandler ["http-nio-8001"]
2022-09-21 16:42:13.293 [main] INFO  o.s.boot.web.embedded.tomcat.TomcatWebServer - Tomcat started on port(s): 8001 (http) with context path ''
2022-09-21 16:42:13.698 [main] INFO  o.s.c.alibaba.nacos.registry.NacosServiceRegistry - nacos registry, service-edu 192.168.79.1:8001 register finished
2022-09-21 16:42:15.290 [main] INFO  org.springframework.cloud.commons.util.InetUtils - Cannot determine local hostname
2022-09-21 16:42:15.292 [main] INFO  com.atguigu.EduApplication - Started EduApplication in 15.914 seconds (JVM running for 19.172)
2022-09-21 16:43:36.669 [http-nio-8001-exec-1] INFO  o.a.c.core.ContainerBase.[Tomcat].[localhost].[/] - Initializing Spring DispatcherServlet 'dispatcherServlet'
2022-09-21 16:43:36.670 [http-nio-8001-exec-1] INFO  org.springframework.web.servlet.DispatcherServlet - Initializing Servlet 'dispatcherServlet'
2022-09-21 16:43:36.678 [http-nio-8001-exec-1] INFO  org.springframework.web.servlet.DispatcherServlet - Completed initialization in 8 ms
2022-09-21 16:43:50.887 [http-nio-8001-exec-6] INFO  c.a.s.ExceptionHandler.GlobalExceptionHandler - Request method 'GET' not supported
2022-09-21 16:43:52.053 [http-nio-8001-exec-9] INFO  c.a.s.ExceptionHandler.GlobalExceptionHandler - Request method 'GET' not supported
2022-09-21 16:44:31.503 [http-nio-8001-exec-10] INFO  c.a.s.ExceptionHandler.GlobalExceptionHandler - Request method 'GET' not supported
2022-09-21 16:44:32.622 [http-nio-8001-exec-2] INFO  c.a.s.ExceptionHandler.GlobalExceptionHandler - Request method 'GET' not supported
2022-09-21 16:48:05.065 [http-nio-8001-exec-6] INFO  c.a.s.ExceptionHandler.GlobalExceptionHandler - Request method 'GET' not supported
2022-09-21 16:48:06.208 [http-nio-8001-exec-9] INFO  c.a.s.ExceptionHandler.GlobalExceptionHandler - Request method 'GET' not supported
2022-09-21 16:48:07.462 [http-nio-8001-exec-10] INFO  c.a.s.ExceptionHandler.GlobalExceptionHandler - Request method 'GET' not supported
2022-09-21 16:54:02.488 [http-nio-8001-exec-2] INFO  c.a.s.ExceptionHandler.GlobalExceptionHandler - Request method 'GET' not supported
2022-09-21 16:54:04.524 [http-nio-8001-exec-5] INFO  c.a.s.ExceptionHandler.GlobalExceptionHandler - Request method 'GET' not supported
2022-09-21 18:41:43.169 [SpringContextShutdownHook] INFO  o.s.c.alibaba.nacos.registry.NacosServiceRegistry - De-registering from Nacos Server now...
2022-09-21 18:41:43.185 [SpringContextShutdownHook] INFO  o.s.c.alibaba.nacos.registry.NacosServiceRegistry - De-registration finished.
2022-09-21 18:41:43.185 [SpringContextShutdownHook] INFO  o.s.scheduling.concurrent.ThreadPoolTaskExecutor - Shutting down ExecutorService 'applicationTaskExecutor'
2022-09-21 18:41:43.231 [SpringContextShutdownHook] INFO  com.zaxxer.hikari.HikariDataSource - HikariPool-1 - Shutdown initiated...
2022-09-21 18:41:43.231 [SpringContextShutdownHook] INFO  com.zaxxer.hikari.HikariDataSource - HikariPool-1 - Shutdown completed.
2022-09-21 18:41:58.306 [main] INFO  com.atguigu.EduApplication - The following profiles are active: dev
2022-09-21 18:41:58.936 [main] INFO  o.s.d.r.config.RepositoryConfigurationDelegate - Multiple Spring Data modules found, entering strict repository configuration mode!
2022-09-21 18:41:58.936 [main] INFO  o.s.d.r.config.RepositoryConfigurationDelegate - Bootstrapping Spring Data repositories in DEFAULT mode.
2022-09-21 18:41:58.967 [main] INFO  o.s.d.r.config.RepositoryConfigurationDelegate - Finished Spring Data repository scanning in 14ms. Found 0 repository interfaces.
2022-09-21 18:41:59.123 [main] INFO  o.springframework.cloud.context.scope.GenericScope - BeanFactory id=82968557-0bcd-3550-8f27-fd2900f5c426
2022-09-21 18:41:59.217 [main] INFO  o.s.c.s.PostProcessorRegistrationDelegate$BeanPostProcessorChecker - Bean 'org.springframework.transaction.annotation.ProxyTransactionManagementConfiguration' of type [org.springframework.transaction.annotation.ProxyTransactionManagementConfiguration] is not eligible for getting processed by all BeanPostProcessors (for example: not eligible for auto-proxying)
2022-09-21 18:41:59.264 [main] INFO  o.s.c.s.PostProcessorRegistrationDelegate$BeanPostProcessorChecker - Bean 'org.springframework.cloud.autoconfigure.ConfigurationPropertiesRebinderAutoConfiguration' of type [org.springframework.cloud.autoconfigure.ConfigurationPropertiesRebinderAutoConfiguration] is not eligible for getting processed by all BeanPostProcessors (for example: not eligible for auto-proxying)
2022-09-21 18:41:59.454 [main] INFO  o.s.boot.web.embedded.tomcat.TomcatWebServer - Tomcat initialized with port(s): 8001 (http)
2022-09-21 18:41:59.470 [main] INFO  org.apache.coyote.http11.Http11NioProtocol - Initializing ProtocolHandler ["http-nio-8001"]
2022-09-21 18:41:59.470 [main] INFO  org.apache.catalina.core.StandardService - Starting service [Tomcat]
2022-09-21 18:41:59.470 [main] INFO  org.apache.catalina.core.StandardEngine - Starting Servlet engine: [Apache Tomcat/9.0.27]
2022-09-21 18:41:59.584 [main] INFO  o.a.c.core.ContainerBase.[Tomcat].[localhost].[/] - Initializing Spring embedded WebApplicationContext
2022-09-21 18:41:59.584 [main] INFO  org.springframework.web.context.ContextLoader - Root WebApplicationContext: initialization completed in 1262 ms
2022-09-21 18:41:59.759 [main] INFO  com.zaxxer.hikari.HikariDataSource - HikariPool-1 - Starting...
2022-09-21 18:41:59.868 [main] INFO  com.zaxxer.hikari.HikariDataSource - HikariPool-1 - Start completed.
2022-09-21 18:42:00.807 [main] INFO  s.d.s.w.PropertySourcedRequestMappingHandlerMapping - Mapped URL path [/v2/api-docs] onto method [springfox.documentation.swagger2.web.Swagger2Controller#getDocumentation(String, HttpServletRequest)]
2022-09-21 18:42:00.823 [main] INFO  com.netflix.config.sources.URLConfigurationSource - To enable URLs as dynamic configuration sources, define System property archaius.configurationSource.additionalUrls or make config.properties available on classpath.
2022-09-21 18:42:00.823 [main] INFO  com.netflix.config.sources.URLConfigurationSource - To enable URLs as dynamic configuration sources, define System property archaius.configurationSource.additionalUrls or make config.properties available on classpath.
2022-09-21 18:42:00.932 [main] INFO  o.s.scheduling.concurrent.ThreadPoolTaskExecutor - Initializing ExecutorService 'applicationTaskExecutor'
2022-09-21 18:42:02.372 [main] INFO  org.springframework.cloud.commons.util.InetUtils - Cannot determine local hostname
2022-09-21 18:42:02.434 [main] INFO  o.s.scheduling.concurrent.ThreadPoolTaskScheduler - Initializing ExecutorService
2022-09-21 18:42:03.639 [main] INFO  org.springframework.cloud.commons.util.InetUtils - Cannot determine local hostname
2022-09-21 18:42:04.854 [main] INFO  org.springframework.cloud.commons.util.InetUtils - Cannot determine local hostname
2022-09-21 18:42:04.948 [main] INFO  s.d.s.web.plugins.DocumentationPluginsBootstrapper - Context refreshed
2022-09-21 18:42:04.963 [main] INFO  s.d.s.web.plugins.DocumentationPluginsBootstrapper - Found 1 custom documentation plugin(s)
2022-09-21 18:42:04.995 [main] INFO  s.d.spring.web.scanners.ApiListingReferenceScanner - Scanning for api listing references
2022-09-21 18:42:05.245 [main] INFO  s.d.s.w.r.operation.CachingOperationNameGenerator - Generating unique operation named: updateCourseInfoUsingPOST_1
2022-09-21 18:42:05.260 [main] INFO  org.apache.coyote.http11.Http11NioProtocol - Starting ProtocolHandler ["http-nio-8001"]
2022-09-21 18:42:05.276 [main] INFO  o.s.boot.web.embedded.tomcat.TomcatWebServer - Tomcat started on port(s): 8001 (http) with context path ''
2022-09-21 18:42:05.292 [main] INFO  o.s.c.alibaba.nacos.registry.NacosServiceRegistry - nacos registry, service-edu 192.168.79.1:8001 register finished
2022-09-21 18:42:06.494 [main] INFO  org.springframework.cloud.commons.util.InetUtils - Cannot determine local hostname
2022-09-21 18:42:06.494 [main] INFO  com.atguigu.EduApplication - Started EduApplication in 11.183 seconds (JVM running for 12.281)
2022-09-21 18:42:25.425 [http-nio-8001-exec-1] INFO  o.a.c.core.ContainerBase.[Tomcat].[localhost].[/] - Initializing Spring DispatcherServlet 'dispatcherServlet'
2022-09-21 18:42:25.425 [http-nio-8001-exec-1] INFO  org.springframework.web.servlet.DispatcherServlet - Initializing Servlet 'dispatcherServlet'
2022-09-21 18:42:25.440 [http-nio-8001-exec-1] INFO  org.springframework.web.servlet.DispatcherServlet - Completed initialization in 15 ms
2022-09-21 19:06:42.721 [http-nio-8001-exec-6] INFO  c.a.s.ExceptionHandler.GlobalExceptionHandler - UcenterClient#getMemberInfoById(String) failed and encountered unrecoverable error.
2022-09-21 19:09:34.978 [SpringContextShutdownHook] INFO  o.s.c.alibaba.nacos.registry.NacosServiceRegistry - De-registering from Nacos Server now...
2022-09-21 19:09:34.978 [SpringContextShutdownHook] INFO  o.s.c.alibaba.nacos.registry.NacosServiceRegistry - De-registration finished.
2022-09-21 19:09:34.994 [SpringContextShutdownHook] INFO  o.s.scheduling.concurrent.ThreadPoolTaskExecutor - Shutting down ExecutorService 'applicationTaskExecutor'
2022-09-21 19:09:35.025 [SpringContextShutdownHook] INFO  com.zaxxer.hikari.HikariDataSource - HikariPool-1 - Shutdown initiated...
2022-09-21 19:09:35.025 [SpringContextShutdownHook] INFO  com.zaxxer.hikari.HikariDataSource - HikariPool-1 - Shutdown completed.
2022-09-22 17:12:46.344 [main] INFO  com.atguigu.EduApplication - The following profiles are active: dev
2022-09-22 17:12:47.348 [main] INFO  o.s.d.r.config.RepositoryConfigurationDelegate - Multiple Spring Data modules found, entering strict repository configuration mode!
2022-09-22 17:12:47.352 [main] INFO  o.s.d.r.config.RepositoryConfigurationDelegate - Bootstrapping Spring Data repositories in DEFAULT mode.
2022-09-22 17:12:47.387 [main] INFO  o.s.d.r.config.RepositoryConfigurationDelegate - Finished Spring Data repository scanning in 18ms. Found 0 repository interfaces.
2022-09-22 17:12:47.606 [main] INFO  o.springframework.cloud.context.scope.GenericScope - BeanFactory id=82968557-0bcd-3550-8f27-fd2900f5c426
2022-09-22 17:12:47.743 [main] INFO  o.s.c.s.PostProcessorRegistrationDelegate$BeanPostProcessorChecker - Bean 'org.springframework.transaction.annotation.ProxyTransactionManagementConfiguration' of type [org.springframework.transaction.annotation.ProxyTransactionManagementConfiguration] is not eligible for getting processed by all BeanPostProcessors (for example: not eligible for auto-proxying)
2022-09-22 17:12:47.810 [main] INFO  o.s.c.s.PostProcessorRegistrationDelegate$BeanPostProcessorChecker - Bean 'org.springframework.cloud.autoconfigure.ConfigurationPropertiesRebinderAutoConfiguration' of type [org.springframework.cloud.autoconfigure.ConfigurationPropertiesRebinderAutoConfiguration] is not eligible for getting processed by all BeanPostProcessors (for example: not eligible for auto-proxying)
2022-09-22 17:12:48.219 [main] INFO  o.s.boot.web.embedded.tomcat.TomcatWebServer - Tomcat initialized with port(s): 8001 (http)
2022-09-22 17:12:48.240 [main] INFO  org.apache.coyote.http11.Http11NioProtocol - Initializing ProtocolHandler ["http-nio-8001"]
2022-09-22 17:12:48.242 [main] INFO  org.apache.catalina.core.StandardService - Starting service [Tomcat]
2022-09-22 17:12:48.243 [main] INFO  org.apache.catalina.core.StandardEngine - Starting Servlet engine: [Apache Tomcat/9.0.27]
2022-09-22 17:12:48.579 [main] INFO  o.a.c.core.ContainerBase.[Tomcat].[localhost].[/] - Initializing Spring embedded WebApplicationContext
2022-09-22 17:12:48.579 [main] INFO  org.springframework.web.context.ContextLoader - Root WebApplicationContext: initialization completed in 2215 ms
2022-09-22 17:12:48.945 [main] INFO  com.zaxxer.hikari.HikariDataSource - HikariPool-1 - Starting...
2022-09-22 17:12:49.201 [main] INFO  com.zaxxer.hikari.HikariDataSource - HikariPool-1 - Start completed.
2022-09-22 17:12:51.787 [main] INFO  s.d.s.w.PropertySourcedRequestMappingHandlerMapping - Mapped URL path [/v2/api-docs] onto method [springfox.documentation.swagger2.web.Swagger2Controller#getDocumentation(String, HttpServletRequest)]
2022-09-22 17:12:51.830 [main] INFO  com.netflix.config.sources.URLConfigurationSource - To enable URLs as dynamic configuration sources, define System property archaius.configurationSource.additionalUrls or make config.properties available on classpath.
2022-09-22 17:12:51.844 [main] INFO  com.netflix.config.sources.URLConfigurationSource - To enable URLs as dynamic configuration sources, define System property archaius.configurationSource.additionalUrls or make config.properties available on classpath.
2022-09-22 17:12:52.141 [main] INFO  o.s.scheduling.concurrent.ThreadPoolTaskExecutor - Initializing ExecutorService 'applicationTaskExecutor'
2022-09-22 17:12:54.147 [main] INFO  org.springframework.cloud.commons.util.InetUtils - Cannot determine local hostname
2022-09-22 17:12:54.196 [main] INFO  o.s.scheduling.concurrent.ThreadPoolTaskScheduler - Initializing ExecutorService
2022-09-22 17:12:55.410 [main] INFO  org.springframework.cloud.commons.util.InetUtils - Cannot determine local hostname
2022-09-22 17:12:56.671 [main] INFO  org.springframework.cloud.commons.util.InetUtils - Cannot determine local hostname
2022-09-22 17:12:56.843 [main] INFO  s.d.s.web.plugins.DocumentationPluginsBootstrapper - Context refreshed
2022-09-22 17:12:56.872 [main] INFO  s.d.s.web.plugins.DocumentationPluginsBootstrapper - Found 1 custom documentation plugin(s)
2022-09-22 17:12:56.944 [main] INFO  s.d.spring.web.scanners.ApiListingReferenceScanner - Scanning for api listing references
2022-09-22 17:12:57.405 [main] INFO  s.d.s.w.r.operation.CachingOperationNameGenerator - Generating unique operation named: updateCourseInfoUsingPOST_1
2022-09-22 17:12:57.462 [main] INFO  org.apache.coyote.http11.Http11NioProtocol - Starting ProtocolHandler ["http-nio-8001"]
2022-09-22 17:12:57.513 [main] INFO  o.s.boot.web.embedded.tomcat.TomcatWebServer - Tomcat started on port(s): 8001 (http) with context path ''
2022-09-22 17:12:57.957 [main] INFO  o.s.c.alibaba.nacos.registry.NacosServiceRegistry - nacos registry, service-edu 192.168.79.1:8001 register finished
2022-09-22 17:12:59.329 [main] INFO  org.springframework.cloud.commons.util.InetUtils - Cannot determine local hostname
2022-09-22 17:12:59.332 [main] INFO  com.atguigu.EduApplication - Started EduApplication in 16.406 seconds (JVM running for 19.265)
2022-09-22 17:22:19.539 [http-nio-8001-exec-2] INFO  o.a.c.core.ContainerBase.[Tomcat].[localhost].[/] - Initializing Spring DispatcherServlet 'dispatcherServlet'
2022-09-22 17:22:19.540 [http-nio-8001-exec-2] INFO  org.springframework.web.servlet.DispatcherServlet - Initializing Servlet 'dispatcherServlet'
2022-09-22 17:22:19.550 [http-nio-8001-exec-2] INFO  org.springframework.web.servlet.DispatcherServlet - Completed initialization in 9 ms
2022-09-22 17:24:52.797 [http-nio-8001-exec-8] INFO  c.a.eduservice.controller.EduTeacherController - 接收到的参数:1561323315425968130
2022-09-22 17:25:08.694 [http-nio-8001-exec-10] INFO  c.a.eduservice.controller.EduTeacherController - 接收到的参数:EduTeacher(id=1561323315425968130, name=章科峰, intro=主要从事通信与嵌入式技术的科学研究和教学工作。近年来，主持省级科研项目1项，校级质量工程项目2项，院级科研项目1项，教研项目1项，横向项目1项。发表学术论文6篇，参编专著《网络与移动终端技术研究》，自编讲义2本，软件著作权1个。荣获校级多媒体教学课件评比三等奖，优秀员工。指导学生参加全国大学生移动通信技术大赛获省级三等奖。, career=高级工程师, level=8, avatar=http://www.hxut.edu.cn/uploads/image/20220516/1652693085153408.jpg, sort=7, isDeleted=false, gmtCreate=Sun Aug 21 20:04:21 CST 2022, gmtModified=Sun Aug 21 20:04:21 CST 2022)
2022-09-22 17:25:15.262 [http-nio-8001-exec-1] INFO  c.a.eduservice.controller.EduTeacherController - 接收到的参数:1561323315425968130
2022-09-22 17:25:17.646 [http-nio-8001-exec-3] INFO  c.a.eduservice.controller.EduTeacherController - 接收到的参数:EduTeacher(id=1561323315425968130, name=章科峰, intro=主要从事通信与嵌入式技术的科学研究和教学工作。近年来，主持省级科研项目1项，校级质量工程项目2项，院级科研项目1项，教研项目1项，横向项目1项。发表学术论文6篇，参编专著《网络与移动终端技术研究》，自编讲义2本，软件著作权1个。荣获校级多媒体教学课件评比三等奖，优秀员工。指导学生参加全国大学生移动通信技术大赛获省级三等奖。, career=高级工程师, level=8, avatar=http://www.hxut.edu.cn/uploads/image/20220516/1652693085153408.jpg, sort=8, isDeleted=false, gmtCreate=Sun Aug 21 20:04:21 CST 2022, gmtModified=Thu Sep 22 17:25:09 CST 2022)
2022-09-22 17:25:26.780 [http-nio-8001-exec-8] INFO  c.a.eduservice.controller.EduTeacherController - 接收到的参数:1192249914833055746
2022-09-22 17:30:07.568 [http-nio-8001-exec-9] INFO  c.a.eduservice.controller.EduTeacherController - 接收到的数据为:EduTeacher(id=null, name=田夏利, intro=主讲课程：计算机网络、计算机组成原理全国高等学校计算机教育研究会理事。主要从事计算机网络方面的教学和科学研究工作。近年来，主持和参与省级及以上教科研项目5项，主持校级教科研项目6项，公开发表学术论文10余篇，其中核心4篇，主编《计算机组成原理实验教程》教材1部。荣获校级优秀员工、教学质量优秀奖、优秀班主任等，多次指导学生参加“思科杯”、“华为杯”、“华三杯”、“蓝桥杯”等全国大学生计算机学科大赛获国家及省级一、二、三等奖。, career=田夏利, level=1, avatar=null, sort=10, isDeleted=null, gmtCreate=null, gmtModified=null)
2022-09-22 17:32:37.290 [http-nio-8001-exec-5] INFO  c.a.eduservice.controller.EduTeacherController - 接收到的数据为:EduTeacher(id=null, name=黄小倩, intro=信息工程学院计算机与网络工程系专任教师。至计算机科学与技术专业研究生毕业后，先后就职于58同城、滴滴出行、小米武汉科技有限公司，担任过5年的web前端开发工程师和1年的软件研发工程师的岗位，参与58同城小程序、58同城企业建站、滴滴公共交通管理系统、小米大数据部用户画像平台、标签标记平台等项目的研发工作。熟悉计算机专业基础理论，具有丰富的前后端项目实践经验。主讲课程：HTML5 web前端技术、微信公众平台应用开发实践, career=助教, level=1, avatar=null, sort=11, isDeleted=null, gmtCreate=null, gmtModified=null)
2022-09-22 17:33:11.366 [http-nio-8001-exec-4] INFO  c.a.eduservice.controller.EduTeacherController - 接收到的参数:1572881543209263105
2022-09-22 17:33:22.062 [http-nio-8001-exec-7] INFO  c.a.eduservice.controller.EduTeacherController - 接收到的参数:1572880916710268930
2022-09-22 18:29:52.073 [SpringContextShutdownHook] INFO  o.s.c.alibaba.nacos.registry.NacosServiceRegistry - De-registering from Nacos Server now...
2022-09-22 18:29:52.078 [SpringContextShutdownHook] INFO  o.s.c.alibaba.nacos.registry.NacosServiceRegistry - De-registration finished.
2022-09-22 18:29:52.080 [SpringContextShutdownHook] INFO  o.s.scheduling.concurrent.ThreadPoolTaskExecutor - Shutting down ExecutorService 'applicationTaskExecutor'
2022-09-22 18:29:52.114 [SpringContextShutdownHook] INFO  com.zaxxer.hikari.HikariDataSource - HikariPool-1 - Shutdown initiated...
2022-09-22 18:29:52.117 [SpringContextShutdownHook] INFO  com.zaxxer.hikari.HikariDataSource - HikariPool-1 - Shutdown completed.
2022-09-24 17:40:42.903 [main] INFO  com.atguigu.EduApplication - The following profiles are active: dev
2022-09-24 17:40:44.361 [main] INFO  o.s.d.r.config.RepositoryConfigurationDelegate - Multiple Spring Data modules found, entering strict repository configuration mode!
2022-09-24 17:40:44.395 [main] INFO  o.s.d.r.config.RepositoryConfigurationDelegate - Bootstrapping Spring Data repositories in DEFAULT mode.
2022-09-24 17:40:44.739 [main] INFO  o.s.d.r.config.RepositoryConfigurationDelegate - Finished Spring Data repository scanning in 296ms. Found 0 repository interfaces.
2022-09-24 17:40:45.668 [main] INFO  o.springframework.cloud.context.scope.GenericScope - BeanFactory id=82968557-0bcd-3550-8f27-fd2900f5c426
2022-09-24 17:40:45.949 [main] INFO  o.s.c.s.PostProcessorRegistrationDelegate$BeanPostProcessorChecker - Bean 'org.springframework.transaction.annotation.ProxyTransactionManagementConfiguration' of type [org.springframework.transaction.annotation.ProxyTransactionManagementConfiguration] is not eligible for getting processed by all BeanPostProcessors (for example: not eligible for auto-proxying)
2022-09-24 17:40:46.061 [main] INFO  o.s.c.s.PostProcessorRegistrationDelegate$BeanPostProcessorChecker - Bean 'org.springframework.cloud.autoconfigure.ConfigurationPropertiesRebinderAutoConfiguration' of type [org.springframework.cloud.autoconfigure.ConfigurationPropertiesRebinderAutoConfiguration] is not eligible for getting processed by all BeanPostProcessors (for example: not eligible for auto-proxying)
2022-09-24 17:40:46.431 [main] INFO  o.s.boot.web.embedded.tomcat.TomcatWebServer - Tomcat initialized with port(s): 8001 (http)
2022-09-24 17:40:46.448 [main] INFO  org.apache.coyote.http11.Http11NioProtocol - Initializing ProtocolHandler ["http-nio-8001"]
2022-09-24 17:40:46.449 [main] INFO  org.apache.catalina.core.StandardService - Starting service [Tomcat]
2022-09-24 17:40:46.450 [main] INFO  org.apache.catalina.core.StandardEngine - Starting Servlet engine: [Apache Tomcat/9.0.27]
2022-09-24 17:40:46.730 [main] INFO  o.a.c.core.ContainerBase.[Tomcat].[localhost].[/] - Initializing Spring embedded WebApplicationContext
2022-09-24 17:40:46.732 [main] INFO  org.springframework.web.context.ContextLoader - Root WebApplicationContext: initialization completed in 3796 ms
2022-09-24 17:40:47.125 [main] INFO  com.zaxxer.hikari.HikariDataSource - HikariPool-1 - Starting...
2022-09-24 17:40:47.328 [main] INFO  com.zaxxer.hikari.HikariDataSource - HikariPool-1 - Start completed.
2022-09-24 17:40:49.929 [main] INFO  s.d.s.w.PropertySourcedRequestMappingHandlerMapping - Mapped URL path [/v2/api-docs] onto method [springfox.documentation.swagger2.web.Swagger2Controller#getDocumentation(String, HttpServletRequest)]
2022-09-24 17:40:49.971 [main] INFO  com.netflix.config.sources.URLConfigurationSource - To enable URLs as dynamic configuration sources, define System property archaius.configurationSource.additionalUrls or make config.properties available on classpath.
2022-09-24 17:40:49.981 [main] INFO  com.netflix.config.sources.URLConfigurationSource - To enable URLs as dynamic configuration sources, define System property archaius.configurationSource.additionalUrls or make config.properties available on classpath.
2022-09-24 17:40:50.150 [main] INFO  o.s.scheduling.concurrent.ThreadPoolTaskExecutor - Initializing ExecutorService 'applicationTaskExecutor'
2022-09-24 17:40:51.657 [main] INFO  org.springframework.cloud.commons.util.InetUtils - Cannot determine local hostname
2022-09-24 17:40:51.698 [main] INFO  o.s.scheduling.concurrent.ThreadPoolTaskScheduler - Initializing ExecutorService
2022-09-24 17:40:52.887 [main] INFO  org.springframework.cloud.commons.util.InetUtils - Cannot determine local hostname
2022-09-24 17:40:54.102 [main] INFO  org.springframework.cloud.commons.util.InetUtils - Cannot determine local hostname
2022-09-24 17:40:54.211 [main] INFO  s.d.s.web.plugins.DocumentationPluginsBootstrapper - Context refreshed
2022-09-24 17:40:54.227 [main] INFO  s.d.s.web.plugins.DocumentationPluginsBootstrapper - Found 1 custom documentation plugin(s)
2022-09-24 17:40:54.271 [main] INFO  s.d.spring.web.scanners.ApiListingReferenceScanner - Scanning for api listing references
2022-09-24 17:40:54.658 [main] INFO  s.d.s.w.r.operation.CachingOperationNameGenerator - Generating unique operation named: updateCourseInfoUsingPOST_1
2022-09-24 17:40:54.687 [main] INFO  org.apache.coyote.http11.Http11NioProtocol - Starting ProtocolHandler ["http-nio-8001"]
2022-09-24 17:40:54.714 [main] INFO  o.s.boot.web.embedded.tomcat.TomcatWebServer - Tomcat started on port(s): 8001 (http) with context path ''
2022-09-24 17:40:55.237 [main] INFO  o.s.c.alibaba.nacos.registry.NacosServiceRegistry - nacos registry, service-edu 192.168.79.1:8001 register finished
2022-09-24 17:40:56.523 [main] INFO  org.springframework.cloud.commons.util.InetUtils - Cannot determine local hostname
2022-09-24 17:40:56.526 [main] INFO  com.atguigu.EduApplication - Started EduApplication in 17.171 seconds (JVM running for 20.28)
2022-09-24 17:41:28.791 [http-nio-8001-exec-1] INFO  o.a.c.core.ContainerBase.[Tomcat].[localhost].[/] - Initializing Spring DispatcherServlet 'dispatcherServlet'
2022-09-24 17:41:28.793 [http-nio-8001-exec-1] INFO  org.springframework.web.servlet.DispatcherServlet - Initializing Servlet 'dispatcherServlet'
2022-09-24 17:41:28.811 [http-nio-8001-exec-1] INFO  org.springframework.web.servlet.DispatcherServlet - Completed initialization in 18 ms
2022-09-24 17:56:01.215 [http-nio-8001-exec-6] INFO  c.a.eduservice.controller.EduTeacherController - 接收到的参数:1572880916710268930
2022-09-24 17:56:07.495 [http-nio-8001-exec-9] INFO  c.a.eduservice.controller.EduTeacherController - 接收到的参数:1572881543209263105
2022-09-24 17:59:57.211 [SpringContextShutdownHook] INFO  o.s.c.alibaba.nacos.registry.NacosServiceRegistry - De-registering from Nacos Server now...
2022-09-24 17:59:57.216 [SpringContextShutdownHook] INFO  o.s.c.alibaba.nacos.registry.NacosServiceRegistry - De-registration finished.
2022-09-24 17:59:57.218 [SpringContextShutdownHook] INFO  o.s.scheduling.concurrent.ThreadPoolTaskExecutor - Shutting down ExecutorService 'applicationTaskExecutor'
2022-09-24 17:59:57.258 [SpringContextShutdownHook] INFO  com.zaxxer.hikari.HikariDataSource - HikariPool-1 - Shutdown initiated...
2022-09-24 17:59:57.266 [SpringContextShutdownHook] INFO  com.zaxxer.hikari.HikariDataSource - HikariPool-1 - Shutdown completed.
2022-10-04 21:46:06.699 [main] INFO  com.atguigu.EduApplication - The following profiles are active: dev
2022-10-04 21:46:07.374 [main] INFO  o.s.d.r.config.RepositoryConfigurationDelegate - Multiple Spring Data modules found, entering strict repository configuration mode!
2022-10-04 21:46:07.376 [main] INFO  o.s.d.r.config.RepositoryConfigurationDelegate - Bootstrapping Spring Data repositories in DEFAULT mode.
2022-10-04 21:46:07.400 [main] INFO  o.s.d.r.config.RepositoryConfigurationDelegate - Finished Spring Data repository scanning in 14ms. Found 0 repository interfaces.
2022-10-04 21:46:07.618 [main] INFO  o.springframework.cloud.context.scope.GenericScope - BeanFactory id=82968557-0bcd-3550-8f27-fd2900f5c426
2022-10-04 21:46:07.738 [main] INFO  o.s.c.s.PostProcessorRegistrationDelegate$BeanPostProcessorChecker - Bean 'org.springframework.transaction.annotation.ProxyTransactionManagementConfiguration' of type [org.springframework.transaction.annotation.ProxyTransactionManagementConfiguration] is not eligible for getting processed by all BeanPostProcessors (for example: not eligible for auto-proxying)
2022-10-04 21:46:07.794 [main] INFO  o.s.c.s.PostProcessorRegistrationDelegate$BeanPostProcessorChecker - Bean 'org.springframework.cloud.autoconfigure.ConfigurationPropertiesRebinderAutoConfiguration' of type [org.springframework.cloud.autoconfigure.ConfigurationPropertiesRebinderAutoConfiguration] is not eligible for getting processed by all BeanPostProcessors (for example: not eligible for auto-proxying)
2022-10-04 21:46:07.981 [main] INFO  o.s.boot.web.embedded.tomcat.TomcatWebServer - Tomcat initialized with port(s): 8001 (http)
2022-10-04 21:46:07.993 [main] INFO  org.apache.coyote.http11.Http11NioProtocol - Initializing ProtocolHandler ["http-nio-8001"]
2022-10-04 21:46:07.994 [main] INFO  org.apache.catalina.core.StandardService - Starting service [Tomcat]
2022-10-04 21:46:07.994 [main] INFO  org.apache.catalina.core.StandardEngine - Starting Servlet engine: [Apache Tomcat/9.0.27]
2022-10-04 21:46:08.121 [main] INFO  o.a.c.core.ContainerBase.[Tomcat].[localhost].[/] - Initializing Spring embedded WebApplicationContext
2022-10-04 21:46:08.121 [main] INFO  org.springframework.web.context.ContextLoader - Root WebApplicationContext: initialization completed in 1407 ms
2022-10-04 21:46:08.342 [main] INFO  com.zaxxer.hikari.HikariDataSource - HikariPool-1 - Starting...
2022-10-04 21:46:08.506 [main] INFO  com.zaxxer.hikari.HikariDataSource - HikariPool-1 - Start completed.
2022-10-04 21:46:09.582 [main] INFO  s.d.s.w.PropertySourcedRequestMappingHandlerMapping - Mapped URL path [/v2/api-docs] onto method [springfox.documentation.swagger2.web.Swagger2Controller#getDocumentation(String, HttpServletRequest)]
2022-10-04 21:46:09.600 [main] INFO  com.netflix.config.sources.URLConfigurationSource - To enable URLs as dynamic configuration sources, define System property archaius.configurationSource.additionalUrls or make config.properties available on classpath.
2022-10-04 21:46:09.605 [main] INFO  com.netflix.config.sources.URLConfigurationSource - To enable URLs as dynamic configuration sources, define System property archaius.configurationSource.additionalUrls or make config.properties available on classpath.
2022-10-04 21:46:09.718 [main] INFO  o.s.scheduling.concurrent.ThreadPoolTaskExecutor - Initializing ExecutorService 'applicationTaskExecutor'
2022-10-04 21:46:11.161 [main] INFO  org.springframework.cloud.commons.util.InetUtils - Cannot determine local hostname
2022-10-04 21:46:11.224 [main] INFO  o.s.scheduling.concurrent.ThreadPoolTaskScheduler - Initializing ExecutorService
2022-10-04 21:46:12.435 [main] INFO  org.springframework.cloud.commons.util.InetUtils - Cannot determine local hostname
2022-10-04 21:46:13.718 [main] INFO  org.springframework.cloud.commons.util.InetUtils - Cannot determine local hostname
2022-10-04 21:46:13.832 [main] INFO  s.d.s.web.plugins.DocumentationPluginsBootstrapper - Context refreshed
2022-10-04 21:46:13.866 [main] INFO  s.d.s.web.plugins.DocumentationPluginsBootstrapper - Found 1 custom documentation plugin(s)
2022-10-04 21:46:13.896 [main] INFO  s.d.spring.web.scanners.ApiListingReferenceScanner - Scanning for api listing references
2022-10-04 21:46:14.155 [main] INFO  s.d.s.w.r.operation.CachingOperationNameGenerator - Generating unique operation named: updateCourseInfoUsingPOST_1
2022-10-04 21:46:14.178 [main] INFO  org.apache.coyote.http11.Http11NioProtocol - Starting ProtocolHandler ["http-nio-8001"]
2022-10-04 21:46:14.199 [main] INFO  o.s.boot.web.embedded.tomcat.TomcatWebServer - Tomcat started on port(s): 8001 (http) with context path ''
2022-10-04 21:46:14.215 [main] INFO  o.s.c.alibaba.nacos.registry.NacosServiceRegistry - nacos registry, service-edu 192.168.79.1:8001 register finished
2022-10-04 21:46:15.527 [main] INFO  org.springframework.cloud.commons.util.InetUtils - Cannot determine local hostname
2022-10-04 21:46:15.530 [main] INFO  com.atguigu.EduApplication - Started EduApplication in 11.915 seconds (JVM running for 13.246)
2022-10-04 21:49:44.618 [http-nio-8001-exec-1] INFO  o.a.c.core.ContainerBase.[Tomcat].[localhost].[/] - Initializing Spring DispatcherServlet 'dispatcherServlet'
2022-10-04 21:49:44.620 [http-nio-8001-exec-1] INFO  org.springframework.web.servlet.DispatcherServlet - Initializing Servlet 'dispatcherServlet'
2022-10-04 21:49:44.631 [http-nio-8001-exec-1] INFO  org.springframework.web.servlet.DispatcherServlet - Completed initialization in 11 ms
2022-10-04 22:15:03.334 [SpringContextShutdownHook] INFO  o.s.c.alibaba.nacos.registry.NacosServiceRegistry - De-registering from Nacos Server now...
2022-10-04 22:15:03.340 [SpringContextShutdownHook] INFO  o.s.c.alibaba.nacos.registry.NacosServiceRegistry - De-registration finished.
2022-10-04 22:15:03.342 [SpringContextShutdownHook] INFO  o.s.scheduling.concurrent.ThreadPoolTaskExecutor - Shutting down ExecutorService 'applicationTaskExecutor'
2022-10-04 22:15:03.378 [SpringContextShutdownHook] INFO  com.zaxxer.hikari.HikariDataSource - HikariPool-1 - Shutdown initiated...
2022-10-04 22:15:03.385 [SpringContextShutdownHook] INFO  com.zaxxer.hikari.HikariDataSource - HikariPool-1 - Shutdown completed.
2022-10-04 23:12:50.273 [main] INFO  com.atguigu.EduApplication - The following profiles are active: dev
2022-10-04 23:12:51.084 [main] INFO  o.s.d.r.config.RepositoryConfigurationDelegate - Multiple Spring Data modules found, entering strict repository configuration mode!
2022-10-04 23:12:51.086 [main] INFO  o.s.d.r.config.RepositoryConfigurationDelegate - Bootstrapping Spring Data repositories in DEFAULT mode.
2022-10-04 23:12:51.107 [main] INFO  o.s.d.r.config.RepositoryConfigurationDelegate - Finished Spring Data repository scanning in 12ms. Found 0 repository interfaces.
2022-10-04 23:12:51.282 [main] INFO  o.springframework.cloud.context.scope.GenericScope - BeanFactory id=82968557-0bcd-3550-8f27-fd2900f5c426
2022-10-04 23:12:51.378 [main] INFO  o.s.c.s.PostProcessorRegistrationDelegate$BeanPostProcessorChecker - Bean 'org.springframework.transaction.annotation.ProxyTransactionManagementConfiguration' of type [org.springframework.transaction.annotation.ProxyTransactionManagementConfiguration] is not eligible for getting processed by all BeanPostProcessors (for example: not eligible for auto-proxying)
2022-10-04 23:12:51.431 [main] INFO  o.s.c.s.PostProcessorRegistrationDelegate$BeanPostProcessorChecker - Bean 'org.springframework.cloud.autoconfigure.ConfigurationPropertiesRebinderAutoConfiguration' of type [org.springframework.cloud.autoconfigure.ConfigurationPropertiesRebinderAutoConfiguration] is not eligible for getting processed by all BeanPostProcessors (for example: not eligible for auto-proxying)
2022-10-04 23:12:51.638 [main] INFO  o.s.boot.web.embedded.tomcat.TomcatWebServer - Tomcat initialized with port(s): 8001 (http)
2022-10-04 23:12:51.649 [main] INFO  org.apache.coyote.http11.Http11NioProtocol - Initializing ProtocolHandler ["http-nio-8001"]
2022-10-04 23:12:51.650 [main] INFO  org.apache.catalina.core.StandardService - Starting service [Tomcat]
2022-10-04 23:12:51.650 [main] INFO  org.apache.catalina.core.StandardEngine - Starting Servlet engine: [Apache Tomcat/9.0.27]
2022-10-04 23:12:51.788 [main] INFO  o.a.c.core.ContainerBase.[Tomcat].[localhost].[/] - Initializing Spring embedded WebApplicationContext
2022-10-04 23:12:51.789 [main] INFO  org.springframework.web.context.ContextLoader - Root WebApplicationContext: initialization completed in 1484 ms
2022-10-04 23:12:51.961 [main] INFO  com.zaxxer.hikari.HikariDataSource - HikariPool-1 - Starting...
2022-10-04 23:12:52.079 [main] INFO  com.zaxxer.hikari.HikariDataSource - HikariPool-1 - Start completed.
2022-10-04 23:12:53.030 [main] INFO  s.d.s.w.PropertySourcedRequestMappingHandlerMapping - Mapped URL path [/v2/api-docs] onto method [springfox.documentation.swagger2.web.Swagger2Controller#getDocumentation(String, HttpServletRequest)]
2022-10-04 23:12:53.086 [main] INFO  com.netflix.config.sources.URLConfigurationSource - To enable URLs as dynamic configuration sources, define System property archaius.configurationSource.additionalUrls or make config.properties available on classpath.
2022-10-04 23:12:53.093 [main] INFO  com.netflix.config.sources.URLConfigurationSource - To enable URLs as dynamic configuration sources, define System property archaius.configurationSource.additionalUrls or make config.properties available on classpath.
2022-10-04 23:12:53.235 [main] INFO  o.s.scheduling.concurrent.ThreadPoolTaskExecutor - Initializing ExecutorService 'applicationTaskExecutor'
2022-10-04 23:12:54.799 [main] INFO  org.springframework.cloud.commons.util.InetUtils - Cannot determine local hostname
2022-10-04 23:12:54.841 [main] INFO  o.s.scheduling.concurrent.ThreadPoolTaskScheduler - Initializing ExecutorService
2022-10-04 23:12:56.106 [main] INFO  org.springframework.cloud.commons.util.InetUtils - Cannot determine local hostname
2022-10-04 23:12:57.397 [main] INFO  org.springframework.cloud.commons.util.InetUtils - Cannot determine local hostname
2022-10-04 23:12:57.509 [main] INFO  s.d.s.web.plugins.DocumentationPluginsBootstrapper - Context refreshed
2022-10-04 23:12:57.524 [main] INFO  s.d.s.web.plugins.DocumentationPluginsBootstrapper - Found 1 custom documentation plugin(s)
2022-10-04 23:12:57.556 [main] INFO  s.d.spring.web.scanners.ApiListingReferenceScanner - Scanning for api listing references
2022-10-04 23:12:57.797 [main] INFO  s.d.s.w.r.operation.CachingOperationNameGenerator - Generating unique operation named: updateCourseInfoUsingPOST_1
2022-10-04 23:12:57.816 [main] INFO  org.apache.coyote.http11.Http11NioProtocol - Starting ProtocolHandler ["http-nio-8001"]
2022-10-04 23:12:57.836 [main] INFO  o.s.boot.web.embedded.tomcat.TomcatWebServer - Tomcat started on port(s): 8001 (http) with context path ''
2022-10-04 23:12:57.857 [main] INFO  o.s.c.alibaba.nacos.registry.NacosServiceRegistry - nacos registry, service-edu 192.168.79.1:8001 register finished
2022-10-04 23:12:59.067 [main] INFO  org.springframework.cloud.commons.util.InetUtils - Cannot determine local hostname
2022-10-04 23:12:59.068 [main] INFO  com.atguigu.EduApplication - Started EduApplication in 12.504 seconds (JVM running for 14.016)
2022-10-04 23:21:46.064 [http-nio-8001-exec-1] INFO  o.a.c.core.ContainerBase.[Tomcat].[localhost].[/] - Initializing Spring DispatcherServlet 'dispatcherServlet'
2022-10-04 23:21:46.066 [http-nio-8001-exec-1] INFO  org.springframework.web.servlet.DispatcherServlet - Initializing Servlet 'dispatcherServlet'
2022-10-04 23:21:46.081 [http-nio-8001-exec-1] INFO  org.springframework.web.servlet.DispatcherServlet - Completed initialization in 14 ms
2022-10-04 23:22:59.094 [SpringContextShutdownHook] INFO  o.s.c.alibaba.nacos.registry.NacosServiceRegistry - De-registering from Nacos Server now...
2022-10-04 23:22:59.100 [SpringContextShutdownHook] INFO  o.s.c.alibaba.nacos.registry.NacosServiceRegistry - De-registration finished.
2022-10-04 23:22:59.102 [SpringContextShutdownHook] INFO  o.s.scheduling.concurrent.ThreadPoolTaskExecutor - Shutting down ExecutorService 'applicationTaskExecutor'
2022-10-04 23:22:59.138 [SpringContextShutdownHook] INFO  com.zaxxer.hikari.HikariDataSource - HikariPool-1 - Shutdown initiated...
2022-10-04 23:22:59.148 [SpringContextShutdownHook] INFO  com.zaxxer.hikari.HikariDataSource - HikariPool-1 - Shutdown completed.
2022-10-04 23:23:09.520 [main] INFO  com.atguigu.EduApplication - The following profiles are active: dev
2022-10-04 23:23:10.147 [main] INFO  o.s.d.r.config.RepositoryConfigurationDelegate - Multiple Spring Data modules found, entering strict repository configuration mode!
2022-10-04 23:23:10.149 [main] INFO  o.s.d.r.config.RepositoryConfigurationDelegate - Bootstrapping Spring Data repositories in DEFAULT mode.
2022-10-04 23:23:10.172 [main] INFO  o.s.d.r.config.RepositoryConfigurationDelegate - Finished Spring Data repository scanning in 13ms. Found 0 repository interfaces.
2022-10-04 23:23:10.346 [main] INFO  o.springframework.cloud.context.scope.GenericScope - BeanFactory id=82968557-0bcd-3550-8f27-fd2900f5c426
2022-10-04 23:23:10.448 [main] INFO  o.s.c.s.PostProcessorRegistrationDelegate$BeanPostProcessorChecker - Bean 'org.springframework.transaction.annotation.ProxyTransactionManagementConfiguration' of type [org.springframework.transaction.annotation.ProxyTransactionManagementConfiguration] is not eligible for getting processed by all BeanPostProcessors (for example: not eligible for auto-proxying)
2022-10-04 23:23:10.498 [main] INFO  o.s.c.s.PostProcessorRegistrationDelegate$BeanPostProcessorChecker - Bean 'org.springframework.cloud.autoconfigure.ConfigurationPropertiesRebinderAutoConfiguration' of type [org.springframework.cloud.autoconfigure.ConfigurationPropertiesRebinderAutoConfiguration] is not eligible for getting processed by all BeanPostProcessors (for example: not eligible for auto-proxying)
2022-10-04 23:23:10.709 [main] INFO  o.s.boot.web.embedded.tomcat.TomcatWebServer - Tomcat initialized with port(s): 8001 (http)
2022-10-04 23:23:10.718 [main] INFO  org.apache.coyote.http11.Http11NioProtocol - Initializing ProtocolHandler ["http-nio-8001"]
2022-10-04 23:23:10.719 [main] INFO  org.apache.catalina.core.StandardService - Starting service [Tomcat]
2022-10-04 23:23:10.719 [main] INFO  org.apache.catalina.core.StandardEngine - Starting Servlet engine: [Apache Tomcat/9.0.27]
2022-10-04 23:23:10.835 [main] INFO  o.a.c.core.ContainerBase.[Tomcat].[localhost].[/] - Initializing Spring embedded WebApplicationContext
2022-10-04 23:23:10.836 [main] INFO  org.springframework.web.context.ContextLoader - Root WebApplicationContext: initialization completed in 1297 ms
2022-10-04 23:23:10.999 [main] INFO  com.zaxxer.hikari.HikariDataSource - HikariPool-1 - Starting...
2022-10-04 23:23:11.111 [main] INFO  com.zaxxer.hikari.HikariDataSource - HikariPool-1 - Start completed.
2022-10-04 23:23:12.009 [main] INFO  s.d.s.w.PropertySourcedRequestMappingHandlerMapping - Mapped URL path [/v2/api-docs] onto method [springfox.documentation.swagger2.web.Swagger2Controller#getDocumentation(String, HttpServletRequest)]
2022-10-04 23:23:12.036 [main] INFO  com.netflix.config.sources.URLConfigurationSource - To enable URLs as dynamic configuration sources, define System property archaius.configurationSource.additionalUrls or make config.properties available on classpath.
2022-10-04 23:23:12.040 [main] INFO  com.netflix.config.sources.URLConfigurationSource - To enable URLs as dynamic configuration sources, define System property archaius.configurationSource.additionalUrls or make config.properties available on classpath.
2022-10-04 23:23:12.151 [main] INFO  o.s.scheduling.concurrent.ThreadPoolTaskExecutor - Initializing ExecutorService 'applicationTaskExecutor'
2022-10-04 23:23:13.538 [main] INFO  org.springframework.cloud.commons.util.InetUtils - Cannot determine local hostname
2022-10-04 23:23:13.594 [main] INFO  o.s.scheduling.concurrent.ThreadPoolTaskScheduler - Initializing ExecutorService
2022-10-04 23:23:14.802 [main] INFO  org.springframework.cloud.commons.util.InetUtils - Cannot determine local hostname
2022-10-04 23:23:16.069 [main] INFO  org.springframework.cloud.commons.util.InetUtils - Cannot determine local hostname
2022-10-04 23:23:16.171 [main] INFO  s.d.s.web.plugins.DocumentationPluginsBootstrapper - Context refreshed
2022-10-04 23:23:16.185 [main] INFO  s.d.s.web.plugins.DocumentationPluginsBootstrapper - Found 1 custom documentation plugin(s)
2022-10-04 23:23:16.211 [main] INFO  s.d.spring.web.scanners.ApiListingReferenceScanner - Scanning for api listing references
2022-10-04 23:23:16.463 [main] INFO  s.d.s.w.r.operation.CachingOperationNameGenerator - Generating unique operation named: updateCourseInfoUsingPOST_1
2022-10-04 23:23:16.483 [main] INFO  org.apache.coyote.http11.Http11NioProtocol - Starting ProtocolHandler ["http-nio-8001"]
2022-10-04 23:23:16.503 [main] INFO  o.s.boot.web.embedded.tomcat.TomcatWebServer - Tomcat started on port(s): 8001 (http) with context path ''
2022-10-04 23:23:16.512 [main] INFO  o.s.c.alibaba.nacos.registry.NacosServiceRegistry - nacos registry, service-edu 192.168.79.1:8001 register finished
2022-10-04 23:23:17.702 [main] INFO  org.springframework.cloud.commons.util.InetUtils - Cannot determine local hostname
2022-10-04 23:23:17.708 [main] INFO  com.atguigu.EduApplication - Started EduApplication in 11.412 seconds (JVM running for 12.715)
2022-10-04 23:24:49.363 [SpringContextShutdownHook] INFO  o.s.c.alibaba.nacos.registry.NacosServiceRegistry - De-registering from Nacos Server now...
2022-10-04 23:24:49.370 [SpringContextShutdownHook] INFO  o.s.c.alibaba.nacos.registry.NacosServiceRegistry - De-registration finished.
2022-10-04 23:24:49.372 [SpringContextShutdownHook] INFO  o.s.scheduling.concurrent.ThreadPoolTaskExecutor - Shutting down ExecutorService 'applicationTaskExecutor'
2022-10-04 23:24:49.400 [SpringContextShutdownHook] INFO  com.zaxxer.hikari.HikariDataSource - HikariPool-1 - Shutdown initiated...
2022-10-04 23:24:49.408 [SpringContextShutdownHook] INFO  com.zaxxer.hikari.HikariDataSource - HikariPool-1 - Shutdown completed.
2022-10-04 23:25:01.133 [main] INFO  com.atguigu.EduApplication - The following profiles are active: dev
2022-10-04 23:25:01.830 [main] INFO  o.s.d.r.config.RepositoryConfigurationDelegate - Multiple Spring Data modules found, entering strict repository configuration mode!
2022-10-04 23:25:01.832 [main] INFO  o.s.d.r.config.RepositoryConfigurationDelegate - Bootstrapping Spring Data repositories in DEFAULT mode.
2022-10-04 23:25:01.857 [main] INFO  o.s.d.r.config.RepositoryConfigurationDelegate - Finished Spring Data repository scanning in 14ms. Found 0 repository interfaces.
2022-10-04 23:25:02.050 [main] INFO  o.springframework.cloud.context.scope.GenericScope - BeanFactory id=82968557-0bcd-3550-8f27-fd2900f5c426
2022-10-04 23:25:02.167 [main] INFO  o.s.c.s.PostProcessorRegistrationDelegate$BeanPostProcessorChecker - Bean 'org.springframework.transaction.annotation.ProxyTransactionManagementConfiguration' of type [org.springframework.transaction.annotation.ProxyTransactionManagementConfiguration] is not eligible for getting processed by all BeanPostProcessors (for example: not eligible for auto-proxying)
2022-10-04 23:25:02.221 [main] INFO  o.s.c.s.PostProcessorRegistrationDelegate$BeanPostProcessorChecker - Bean 'org.springframework.cloud.autoconfigure.ConfigurationPropertiesRebinderAutoConfiguration' of type [org.springframework.cloud.autoconfigure.ConfigurationPropertiesRebinderAutoConfiguration] is not eligible for getting processed by all BeanPostProcessors (for example: not eligible for auto-proxying)
2022-10-04 23:25:02.414 [main] INFO  o.s.boot.web.embedded.tomcat.TomcatWebServer - Tomcat initialized with port(s): 8001 (http)
2022-10-04 23:25:02.423 [main] INFO  org.apache.coyote.http11.Http11NioProtocol - Initializing ProtocolHandler ["http-nio-8001"]
2022-10-04 23:25:02.424 [main] INFO  org.apache.catalina.core.StandardService - Starting service [Tomcat]
2022-10-04 23:25:02.424 [main] INFO  org.apache.catalina.core.StandardEngine - Starting Servlet engine: [Apache Tomcat/9.0.27]
2022-10-04 23:25:02.557 [main] INFO  o.a.c.core.ContainerBase.[Tomcat].[localhost].[/] - Initializing Spring embedded WebApplicationContext
2022-10-04 23:25:02.558 [main] INFO  org.springframework.web.context.ContextLoader - Root WebApplicationContext: initialization completed in 1410 ms
2022-10-04 23:25:02.721 [main] INFO  com.zaxxer.hikari.HikariDataSource - HikariPool-1 - Starting...
2022-10-04 23:25:02.827 [main] INFO  com.zaxxer.hikari.HikariDataSource - HikariPool-1 - Start completed.
2022-10-04 23:25:03.778 [main] INFO  s.d.s.w.PropertySourcedRequestMappingHandlerMapping - Mapped URL path [/v2/api-docs] onto method [springfox.documentation.swagger2.web.Swagger2Controller#getDocumentation(String, HttpServletRequest)]
2022-10-04 23:25:03.798 [main] INFO  com.netflix.config.sources.URLConfigurationSource - To enable URLs as dynamic configuration sources, define System property archaius.configurationSource.additionalUrls or make config.properties available on classpath.
2022-10-04 23:25:03.802 [main] INFO  com.netflix.config.sources.URLConfigurationSource - To enable URLs as dynamic configuration sources, define System property archaius.configurationSource.additionalUrls or make config.properties available on classpath.
2022-10-04 23:25:03.896 [main] INFO  o.s.scheduling.concurrent.ThreadPoolTaskExecutor - Initializing ExecutorService 'applicationTaskExecutor'
2022-10-04 23:25:05.343 [main] INFO  org.springframework.cloud.commons.util.InetUtils - Cannot determine local hostname
2022-10-04 23:25:05.386 [main] INFO  o.s.scheduling.concurrent.ThreadPoolTaskScheduler - Initializing ExecutorService
2022-10-04 23:25:06.583 [main] INFO  org.springframework.cloud.commons.util.InetUtils - Cannot determine local hostname
2022-10-04 23:25:07.777 [main] INFO  org.springframework.cloud.commons.util.InetUtils - Cannot determine local hostname
2022-10-04 23:25:07.926 [main] INFO  s.d.s.web.plugins.DocumentationPluginsBootstrapper - Context refreshed
2022-10-04 23:25:07.945 [main] INFO  s.d.s.web.plugins.DocumentationPluginsBootstrapper - Found 1 custom documentation plugin(s)
2022-10-04 23:25:07.976 [main] INFO  s.d.spring.web.scanners.ApiListingReferenceScanner - Scanning for api listing references
2022-10-04 23:25:08.225 [main] INFO  s.d.s.w.r.operation.CachingOperationNameGenerator - Generating unique operation named: updateCourseInfoUsingPOST_1
2022-10-04 23:25:08.244 [main] INFO  org.apache.coyote.http11.Http11NioProtocol - Starting ProtocolHandler ["http-nio-8001"]
2022-10-04 23:25:08.264 [main] INFO  o.s.boot.web.embedded.tomcat.TomcatWebServer - Tomcat started on port(s): 8001 (http) with context path ''
2022-10-04 23:25:08.275 [main] INFO  o.s.c.alibaba.nacos.registry.NacosServiceRegistry - nacos registry, service-edu 192.168.79.1:8001 register finished
2022-10-04 23:25:09.481 [main] INFO  org.springframework.cloud.commons.util.InetUtils - Cannot determine local hostname
2022-10-04 23:25:09.485 [main] INFO  com.atguigu.EduApplication - Started EduApplication in 11.692 seconds (JVM running for 13.393)
2022-10-04 23:25:24.427 [http-nio-8001-exec-1] INFO  o.a.c.core.ContainerBase.[Tomcat].[localhost].[/] - Initializing Spring DispatcherServlet 'dispatcherServlet'
2022-10-04 23:25:24.428 [http-nio-8001-exec-1] INFO  org.springframework.web.servlet.DispatcherServlet - Initializing Servlet 'dispatcherServlet'
2022-10-04 23:25:24.441 [http-nio-8001-exec-1] INFO  org.springframework.web.servlet.DispatcherServlet - Completed initialization in 13 ms
2022-10-04 23:29:07.595 [SpringContextShutdownHook] INFO  o.s.c.alibaba.nacos.registry.NacosServiceRegistry - De-registering from Nacos Server now...
2022-10-04 23:29:07.600 [SpringContextShutdownHook] INFO  o.s.c.alibaba.nacos.registry.NacosServiceRegistry - De-registration finished.
2022-10-04 23:29:07.603 [SpringContextShutdownHook] INFO  o.s.scheduling.concurrent.ThreadPoolTaskExecutor - Shutting down ExecutorService 'applicationTaskExecutor'
2022-10-04 23:29:07.636 [SpringContextShutdownHook] INFO  com.zaxxer.hikari.HikariDataSource - HikariPool-1 - Shutdown initiated...
2022-10-04 23:29:07.645 [SpringContextShutdownHook] INFO  com.zaxxer.hikari.HikariDataSource - HikariPool-1 - Shutdown completed.
2022-10-09 14:49:02.417 [main] INFO  com.atguigu.EduApplication - The following profiles are active: dev
2022-10-09 14:49:03.239 [main] INFO  o.s.d.r.config.RepositoryConfigurationDelegate - Multiple Spring Data modules found, entering strict repository configuration mode!
2022-10-09 14:49:03.242 [main] INFO  o.s.d.r.config.RepositoryConfigurationDelegate - Bootstrapping Spring Data repositories in DEFAULT mode.
2022-10-09 14:49:03.272 [main] INFO  o.s.d.r.config.RepositoryConfigurationDelegate - Finished Spring Data repository scanning in 15ms. Found 0 repository interfaces.
2022-10-09 14:49:03.477 [main] INFO  o.springframework.cloud.context.scope.GenericScope - BeanFactory id=82968557-0bcd-3550-8f27-fd2900f5c426
2022-10-09 14:49:03.584 [main] INFO  o.s.c.s.PostProcessorRegistrationDelegate$BeanPostProcessorChecker - Bean 'org.springframework.transaction.annotation.ProxyTransactionManagementConfiguration' of type [org.springframework.transaction.annotation.ProxyTransactionManagementConfiguration] is not eligible for getting processed by all BeanPostProcessors (for example: not eligible for auto-proxying)
2022-10-09 14:49:03.661 [main] INFO  o.s.c.s.PostProcessorRegistrationDelegate$BeanPostProcessorChecker - Bean 'org.springframework.cloud.autoconfigure.ConfigurationPropertiesRebinderAutoConfiguration' of type [org.springframework.cloud.autoconfigure.ConfigurationPropertiesRebinderAutoConfiguration] is not eligible for getting processed by all BeanPostProcessors (for example: not eligible for auto-proxying)
2022-10-09 14:49:03.890 [main] INFO  o.s.boot.web.embedded.tomcat.TomcatWebServer - Tomcat initialized with port(s): 8001 (http)
2022-10-09 14:49:03.900 [main] INFO  org.apache.coyote.http11.Http11NioProtocol - Initializing ProtocolHandler ["http-nio-8001"]
2022-10-09 14:49:03.901 [main] INFO  org.apache.catalina.core.StandardService - Starting service [Tomcat]
2022-10-09 14:49:03.901 [main] INFO  org.apache.catalina.core.StandardEngine - Starting Servlet engine: [Apache Tomcat/9.0.27]
2022-10-09 14:49:04.022 [main] INFO  o.a.c.core.ContainerBase.[Tomcat].[localhost].[/] - Initializing Spring embedded WebApplicationContext
2022-10-09 14:49:04.023 [main] INFO  org.springframework.web.context.ContextLoader - Root WebApplicationContext: initialization completed in 1583 ms
2022-10-09 14:49:04.224 [main] INFO  com.zaxxer.hikari.HikariDataSource - HikariPool-1 - Starting...
2022-10-09 14:49:04.374 [main] INFO  com.zaxxer.hikari.HikariDataSource - HikariPool-1 - Start completed.
2022-10-09 14:49:05.360 [main] INFO  s.d.s.w.PropertySourcedRequestMappingHandlerMapping - Mapped URL path [/v2/api-docs] onto method [springfox.documentation.swagger2.web.Swagger2Controller#getDocumentation(String, HttpServletRequest)]
2022-10-09 14:49:05.377 [main] INFO  com.netflix.config.sources.URLConfigurationSource - To enable URLs as dynamic configuration sources, define System property archaius.configurationSource.additionalUrls or make config.properties available on classpath.
2022-10-09 14:49:05.383 [main] INFO  com.netflix.config.sources.URLConfigurationSource - To enable URLs as dynamic configuration sources, define System property archaius.configurationSource.additionalUrls or make config.properties available on classpath.
2022-10-09 14:49:05.494 [main] INFO  o.s.scheduling.concurrent.ThreadPoolTaskExecutor - Initializing ExecutorService 'applicationTaskExecutor'
2022-10-09 14:49:06.899 [main] INFO  org.springframework.cloud.commons.util.InetUtils - Cannot determine local hostname
2022-10-09 14:49:06.945 [main] INFO  o.s.scheduling.concurrent.ThreadPoolTaskScheduler - Initializing ExecutorService
2022-10-09 14:49:08.145 [main] INFO  org.springframework.cloud.commons.util.InetUtils - Cannot determine local hostname
2022-10-09 14:49:09.393 [main] INFO  org.springframework.cloud.commons.util.InetUtils - Cannot determine local hostname
2022-10-09 14:49:09.616 [main] INFO  s.d.s.web.plugins.DocumentationPluginsBootstrapper - Context refreshed
2022-10-09 14:49:09.648 [main] INFO  s.d.s.web.plugins.DocumentationPluginsBootstrapper - Found 1 custom documentation plugin(s)
2022-10-09 14:49:09.719 [main] INFO  s.d.spring.web.scanners.ApiListingReferenceScanner - Scanning for api listing references
2022-10-09 14:49:10.147 [main] INFO  s.d.s.w.r.operation.CachingOperationNameGenerator - Generating unique operation named: updateCourseInfoUsingPOST_1
2022-10-09 14:49:10.178 [main] INFO  org.apache.coyote.http11.Http11NioProtocol - Starting ProtocolHandler ["http-nio-8001"]
2022-10-09 14:49:10.207 [main] INFO  o.s.boot.web.embedded.tomcat.TomcatWebServer - Tomcat started on port(s): 8001 (http) with context path ''
2022-10-09 14:49:13.887 [main] INFO  org.springframework.cloud.commons.util.InetUtils - Cannot determine local hostname
2022-10-09 14:49:13.888 [main] INFO  com.atguigu.EduApplication - Started EduApplication in 14.973 seconds (JVM running for 17.323)
2022-10-09 15:22:58.017 [SpringContextShutdownHook] INFO  o.s.c.alibaba.nacos.registry.NacosServiceRegistry - De-registering from Nacos Server now...
2022-10-09 15:23:00.054 [SpringContextShutdownHook] INFO  o.s.c.alibaba.nacos.registry.NacosServiceRegistry - De-registration finished.
2022-10-09 15:23:00.055 [SpringContextShutdownHook] INFO  o.s.scheduling.concurrent.ThreadPoolTaskExecutor - Shutting down ExecutorService 'applicationTaskExecutor'
2022-10-09 15:23:00.123 [SpringContextShutdownHook] INFO  com.zaxxer.hikari.HikariDataSource - HikariPool-1 - Shutdown initiated...
2022-10-09 15:23:00.131 [SpringContextShutdownHook] INFO  com.zaxxer.hikari.HikariDataSource - HikariPool-1 - Shutdown completed.
2022-10-09 16:00:20.875 [main] INFO  com.atguigu.EduApplication - The following profiles are active: dev
2022-10-09 16:00:22.194 [main] INFO  o.s.d.r.config.RepositoryConfigurationDelegate - Multiple Spring Data modules found, entering strict repository configuration mode!
2022-10-09 16:00:22.200 [main] INFO  o.s.d.r.config.RepositoryConfigurationDelegate - Bootstrapping Spring Data repositories in DEFAULT mode.
2022-10-09 16:00:22.248 [main] INFO  o.s.d.r.config.RepositoryConfigurationDelegate - Finished Spring Data repository scanning in 27ms. Found 0 repository interfaces.
2022-10-09 16:00:22.536 [main] INFO  o.springframework.cloud.context.scope.GenericScope - BeanFactory id=0c4c8e16-b20c-39c9-bb46-2a31b79023d3
2022-10-09 16:00:22.814 [main] INFO  o.s.c.s.PostProcessorRegistrationDelegate$BeanPostProcessorChecker - Bean 'org.springframework.transaction.annotation.ProxyTransactionManagementConfiguration' of type [org.springframework.transaction.annotation.ProxyTransactionManagementConfiguration] is not eligible for getting processed by all BeanPostProcessors (for example: not eligible for auto-proxying)
2022-10-09 16:00:22.996 [main] INFO  o.s.c.s.PostProcessorRegistrationDelegate$BeanPostProcessorChecker - Bean 'org.springframework.cloud.autoconfigure.ConfigurationPropertiesRebinderAutoConfiguration' of type [org.springframework.cloud.autoconfigure.ConfigurationPropertiesRebinderAutoConfiguration] is not eligible for getting processed by all BeanPostProcessors (for example: not eligible for auto-proxying)
2022-10-09 16:00:23.515 [main] INFO  o.s.boot.web.embedded.tomcat.TomcatWebServer - Tomcat initialized with port(s): 8001 (http)
2022-10-09 16:00:23.539 [main] INFO  org.apache.coyote.http11.Http11NioProtocol - Initializing ProtocolHandler ["http-nio-8001"]
2022-10-09 16:00:23.540 [main] INFO  org.apache.catalina.core.StandardService - Starting service [Tomcat]
2022-10-09 16:00:23.543 [main] INFO  org.apache.catalina.core.StandardEngine - Starting Servlet engine: [Apache Tomcat/9.0.27]
2022-10-09 16:00:23.850 [main] INFO  o.a.c.core.ContainerBase.[Tomcat].[localhost].[/] - Initializing Spring embedded WebApplicationContext
2022-10-09 16:00:23.851 [main] INFO  org.springframework.web.context.ContextLoader - Root WebApplicationContext: initialization completed in 2949 ms
2022-10-09 16:00:24.052 [main] INFO  com.zaxxer.hikari.HikariDataSource - HikariPool-1 - Starting...
2022-10-09 16:00:24.183 [main] INFO  com.zaxxer.hikari.HikariDataSource - HikariPool-1 - Start completed.
2022-10-09 16:00:25.198 [main] INFO  s.d.s.w.PropertySourcedRequestMappingHandlerMapping - Mapped URL path [/v2/api-docs] onto method [springfox.documentation.swagger2.web.Swagger2Controller#getDocumentation(String, HttpServletRequest)]
2022-10-09 16:00:25.216 [main] INFO  com.netflix.config.sources.URLConfigurationSource - To enable URLs as dynamic configuration sources, define System property archaius.configurationSource.additionalUrls or make config.properties available on classpath.
2022-10-09 16:00:25.232 [main] INFO  com.netflix.config.sources.URLConfigurationSource - To enable URLs as dynamic configuration sources, define System property archaius.configurationSource.additionalUrls or make config.properties available on classpath.
2022-10-09 16:00:25.348 [main] INFO  o.s.scheduling.concurrent.ThreadPoolTaskExecutor - Initializing ExecutorService 'applicationTaskExecutor'
2022-10-09 16:00:26.858 [main] INFO  org.springframework.cloud.commons.util.InetUtils - Cannot determine local hostname
2022-10-09 16:00:26.901 [main] INFO  o.s.scheduling.concurrent.ThreadPoolTaskScheduler - Initializing ExecutorService
2022-10-09 16:00:28.352 [main] INFO  org.springframework.cloud.commons.util.InetUtils - Cannot determine local hostname
2022-10-09 16:00:29.579 [main] INFO  org.springframework.cloud.commons.util.InetUtils - Cannot determine local hostname
2022-10-09 16:00:29.703 [main] INFO  s.d.s.web.plugins.DocumentationPluginsBootstrapper - Context refreshed
2022-10-09 16:00:29.718 [main] INFO  s.d.s.web.plugins.DocumentationPluginsBootstrapper - Found 1 custom documentation plugin(s)
2022-10-09 16:00:29.751 [main] INFO  s.d.spring.web.scanners.ApiListingReferenceScanner - Scanning for api listing references
2022-10-09 16:00:29.999 [main] INFO  s.d.s.w.r.operation.CachingOperationNameGenerator - Generating unique operation named: updateCourseInfoUsingPOST_1
2022-10-09 16:00:30.016 [main] INFO  org.apache.coyote.http11.Http11NioProtocol - Starting ProtocolHandler ["http-nio-8001"]
2022-10-09 16:00:30.036 [main] INFO  o.s.boot.web.embedded.tomcat.TomcatWebServer - Tomcat started on port(s): 8001 (http) with context path ''
2022-10-09 16:00:30.256 [main] INFO  o.s.c.alibaba.nacos.registry.NacosServiceRegistry - nacos registry, service-edu 192.168.79.1:8001 register finished
2022-10-09 16:00:31.489 [main] INFO  org.springframework.cloud.commons.util.InetUtils - Cannot determine local hostname
2022-10-09 16:00:31.494 [main] INFO  com.atguigu.EduApplication - Started EduApplication in 14.907 seconds (JVM running for 17.62)
2022-10-09 16:44:45.627 [SpringContextShutdownHook] INFO  o.s.c.alibaba.nacos.registry.NacosServiceRegistry - De-registering from Nacos Server now...
2022-10-09 16:44:45.633 [SpringContextShutdownHook] INFO  o.s.c.alibaba.nacos.registry.NacosServiceRegistry - De-registration finished.
2022-10-09 16:44:45.635 [SpringContextShutdownHook] INFO  o.s.scheduling.concurrent.ThreadPoolTaskExecutor - Shutting down ExecutorService 'applicationTaskExecutor'
2022-10-09 16:44:45.668 [SpringContextShutdownHook] INFO  com.zaxxer.hikari.HikariDataSource - HikariPool-1 - Shutdown initiated...
2022-10-09 16:44:45.671 [SpringContextShutdownHook] INFO  com.zaxxer.hikari.HikariDataSource - HikariPool-1 - Shutdown completed.
2022-10-09 16:44:57.967 [main] INFO  com.atguigu.EduApplication - The following profiles are active: dev
2022-10-09 16:44:58.625 [main] INFO  o.s.d.r.config.RepositoryConfigurationDelegate - Multiple Spring Data modules found, entering strict repository configuration mode!
2022-10-09 16:44:58.627 [main] INFO  o.s.d.r.config.RepositoryConfigurationDelegate - Bootstrapping Spring Data repositories in DEFAULT mode.
2022-10-09 16:44:58.650 [main] INFO  o.s.d.r.config.RepositoryConfigurationDelegate - Finished Spring Data repository scanning in 13ms. Found 0 repository interfaces.
2022-10-09 16:44:58.820 [main] INFO  o.springframework.cloud.context.scope.GenericScope - BeanFactory id=0c4c8e16-b20c-39c9-bb46-2a31b79023d3
2022-10-09 16:44:58.922 [main] INFO  o.s.c.s.PostProcessorRegistrationDelegate$BeanPostProcessorChecker - Bean 'org.springframework.transaction.annotation.ProxyTransactionManagementConfiguration' of type [org.springframework.transaction.annotation.ProxyTransactionManagementConfiguration] is not eligible for getting processed by all BeanPostProcessors (for example: not eligible for auto-proxying)
2022-10-09 16:44:58.974 [main] INFO  o.s.c.s.PostProcessorRegistrationDelegate$BeanPostProcessorChecker - Bean 'org.springframework.cloud.autoconfigure.ConfigurationPropertiesRebinderAutoConfiguration' of type [org.springframework.cloud.autoconfigure.ConfigurationPropertiesRebinderAutoConfiguration] is not eligible for getting processed by all BeanPostProcessors (for example: not eligible for auto-proxying)
2022-10-09 16:44:59.167 [main] INFO  o.s.boot.web.embedded.tomcat.TomcatWebServer - Tomcat initialized with port(s): 8001 (http)
2022-10-09 16:44:59.176 [main] INFO  org.apache.coyote.http11.Http11NioProtocol - Initializing ProtocolHandler ["http-nio-8001"]
2022-10-09 16:44:59.176 [main] INFO  org.apache.catalina.core.StandardService - Starting service [Tomcat]
2022-10-09 16:44:59.177 [main] INFO  org.apache.catalina.core.StandardEngine - Starting Servlet engine: [Apache Tomcat/9.0.27]
2022-10-09 16:44:59.281 [main] INFO  o.a.c.core.ContainerBase.[Tomcat].[localhost].[/] - Initializing Spring embedded WebApplicationContext
2022-10-09 16:44:59.281 [main] INFO  org.springframework.web.context.ContextLoader - Root WebApplicationContext: initialization completed in 1298 ms
2022-10-09 16:44:59.442 [main] INFO  com.zaxxer.hikari.HikariDataSource - HikariPool-1 - Starting...
2022-10-09 16:44:59.589 [main] INFO  com.zaxxer.hikari.HikariDataSource - HikariPool-1 - Start completed.
2022-10-09 16:45:01.226 [main] INFO  s.d.s.w.PropertySourcedRequestMappingHandlerMapping - Mapped URL path [/v2/api-docs] onto method [springfox.documentation.swagger2.web.Swagger2Controller#getDocumentation(String, HttpServletRequest)]
2022-10-09 16:45:01.252 [main] INFO  com.netflix.config.sources.URLConfigurationSource - To enable URLs as dynamic configuration sources, define System property archaius.configurationSource.additionalUrls or make config.properties available on classpath.
2022-10-09 16:45:01.259 [main] INFO  com.netflix.config.sources.URLConfigurationSource - To enable URLs as dynamic configuration sources, define System property archaius.configurationSource.additionalUrls or make config.properties available on classpath.
2022-10-09 16:45:01.402 [main] INFO  o.s.scheduling.concurrent.ThreadPoolTaskExecutor - Initializing ExecutorService 'applicationTaskExecutor'
2022-10-09 16:45:03.147 [main] INFO  org.springframework.cloud.commons.util.InetUtils - Cannot determine local hostname
2022-10-09 16:45:03.229 [main] INFO  o.s.scheduling.concurrent.ThreadPoolTaskScheduler - Initializing ExecutorService
2022-10-09 16:45:04.743 [main] INFO  org.springframework.cloud.commons.util.InetUtils - Cannot determine local hostname
2022-10-09 16:45:06.004 [main] INFO  org.springframework.cloud.commons.util.InetUtils - Cannot determine local hostname
2022-10-09 16:45:06.089 [main] INFO  s.d.s.web.plugins.DocumentationPluginsBootstrapper - Context refreshed
2022-10-09 16:45:06.102 [main] INFO  s.d.s.web.plugins.DocumentationPluginsBootstrapper - Found 1 custom documentation plugin(s)
2022-10-09 16:45:06.129 [main] INFO  s.d.spring.web.scanners.ApiListingReferenceScanner - Scanning for api listing references
2022-10-09 16:45:06.370 [main] INFO  s.d.s.w.r.operation.CachingOperationNameGenerator - Generating unique operation named: updateCourseInfoUsingPOST_1
2022-10-09 16:45:06.387 [main] INFO  org.apache.coyote.http11.Http11NioProtocol - Starting ProtocolHandler ["http-nio-8001"]
2022-10-09 16:45:06.410 [main] INFO  o.s.boot.web.embedded.tomcat.TomcatWebServer - Tomcat started on port(s): 8001 (http) with context path ''
2022-10-09 16:45:06.425 [main] INFO  o.s.c.alibaba.nacos.registry.NacosServiceRegistry - nacos registry, service-edu 192.168.79.1:8001 register finished
2022-10-09 16:45:07.667 [main] INFO  org.springframework.cloud.commons.util.InetUtils - Cannot determine local hostname
2022-10-09 16:45:07.671 [main] INFO  com.atguigu.EduApplication - Started EduApplication in 12.891 seconds (JVM running for 14.493)
2022-10-09 17:04:06.944 [SpringContextShutdownHook] INFO  o.s.c.alibaba.nacos.registry.NacosServiceRegistry - De-registering from Nacos Server now...
2022-10-09 17:04:06.947 [SpringContextShutdownHook] INFO  o.s.c.alibaba.nacos.registry.NacosServiceRegistry - De-registration finished.
2022-10-09 17:04:06.949 [SpringContextShutdownHook] INFO  o.s.scheduling.concurrent.ThreadPoolTaskExecutor - Shutting down ExecutorService 'applicationTaskExecutor'
2022-10-09 17:04:06.976 [SpringContextShutdownHook] INFO  com.zaxxer.hikari.HikariDataSource - HikariPool-1 - Shutdown initiated...
2022-10-09 17:04:06.984 [SpringContextShutdownHook] INFO  com.zaxxer.hikari.HikariDataSource - HikariPool-1 - Shutdown completed.
2022-10-09 19:48:26.493 [main] INFO  com.atguigu.EduApplication - The following profiles are active: dev
2022-10-09 19:48:27.250 [main] INFO  o.s.d.r.config.RepositoryConfigurationDelegate - Multiple Spring Data modules found, entering strict repository configuration mode!
2022-10-09 19:48:27.254 [main] INFO  o.s.d.r.config.RepositoryConfigurationDelegate - Bootstrapping Spring Data repositories in DEFAULT mode.
2022-10-09 19:48:27.285 [main] INFO  o.s.d.r.config.RepositoryConfigurationDelegate - Finished Spring Data repository scanning in 19ms. Found 0 repository interfaces.
2022-10-09 19:48:27.489 [main] INFO  o.springframework.cloud.context.scope.GenericScope - BeanFactory id=0c4c8e16-b20c-39c9-bb46-2a31b79023d3
2022-10-09 19:48:27.603 [main] INFO  o.s.c.s.PostProcessorRegistrationDelegate$BeanPostProcessorChecker - Bean 'org.springframework.transaction.annotation.ProxyTransactionManagementConfiguration' of type [org.springframework.transaction.annotation.ProxyTransactionManagementConfiguration] is not eligible for getting processed by all BeanPostProcessors (for example: not eligible for auto-proxying)
2022-10-09 19:48:27.656 [main] INFO  o.s.c.s.PostProcessorRegistrationDelegate$BeanPostProcessorChecker - Bean 'org.springframework.cloud.autoconfigure.ConfigurationPropertiesRebinderAutoConfiguration' of type [org.springframework.cloud.autoconfigure.ConfigurationPropertiesRebinderAutoConfiguration] is not eligible for getting processed by all BeanPostProcessors (for example: not eligible for auto-proxying)
2022-10-09 19:48:27.877 [main] INFO  o.s.boot.web.embedded.tomcat.TomcatWebServer - Tomcat initialized with port(s): 8001 (http)
2022-10-09 19:48:27.886 [main] INFO  org.apache.coyote.http11.Http11NioProtocol - Initializing ProtocolHandler ["http-nio-8001"]
2022-10-09 19:48:27.887 [main] INFO  org.apache.catalina.core.StandardService - Starting service [Tomcat]
2022-10-09 19:48:27.887 [main] INFO  org.apache.catalina.core.StandardEngine - Starting Servlet engine: [Apache Tomcat/9.0.27]
2022-10-09 19:48:28.036 [main] INFO  o.a.c.core.ContainerBase.[Tomcat].[localhost].[/] - Initializing Spring embedded WebApplicationContext
2022-10-09 19:48:28.036 [main] INFO  org.springframework.web.context.ContextLoader - Root WebApplicationContext: initialization completed in 1526 ms
2022-10-09 19:48:28.239 [main] INFO  com.zaxxer.hikari.HikariDataSource - HikariPool-1 - Starting...
2022-10-09 19:48:28.369 [main] INFO  com.zaxxer.hikari.HikariDataSource - HikariPool-1 - Start completed.
2022-10-09 19:48:29.461 [main] INFO  s.d.s.w.PropertySourcedRequestMappingHandlerMapping - Mapped URL path [/v2/api-docs] onto method [springfox.documentation.swagger2.web.Swagger2Controller#getDocumentation(String, HttpServletRequest)]
2022-10-09 19:48:29.477 [main] INFO  com.netflix.config.sources.URLConfigurationSource - To enable URLs as dynamic configuration sources, define System property archaius.configurationSource.additionalUrls or make config.properties available on classpath.
2022-10-09 19:48:29.481 [main] INFO  com.netflix.config.sources.URLConfigurationSource - To enable URLs as dynamic configuration sources, define System property archaius.configurationSource.additionalUrls or make config.properties available on classpath.
2022-10-09 19:48:29.584 [main] INFO  o.s.scheduling.concurrent.ThreadPoolTaskExecutor - Initializing ExecutorService 'applicationTaskExecutor'
2022-10-09 19:48:31.051 [main] INFO  org.springframework.cloud.commons.util.InetUtils - Cannot determine local hostname
2022-10-09 19:48:31.091 [main] INFO  o.s.scheduling.concurrent.ThreadPoolTaskScheduler - Initializing ExecutorService
2022-10-09 19:48:32.284 [main] INFO  org.springframework.cloud.commons.util.InetUtils - Cannot determine local hostname
2022-10-09 19:48:33.454 [main] INFO  org.springframework.cloud.commons.util.InetUtils - Cannot determine local hostname
2022-10-09 19:48:33.553 [main] INFO  s.d.s.web.plugins.DocumentationPluginsBootstrapper - Context refreshed
2022-10-09 19:48:33.569 [main] INFO  s.d.s.web.plugins.DocumentationPluginsBootstrapper - Found 1 custom documentation plugin(s)
2022-10-09 19:48:33.598 [main] INFO  s.d.spring.web.scanners.ApiListingReferenceScanner - Scanning for api listing references
2022-10-09 19:48:33.846 [main] INFO  s.d.s.w.r.operation.CachingOperationNameGenerator - Generating unique operation named: updateCourseInfoUsingPOST_1
2022-10-09 19:48:33.864 [main] INFO  org.apache.coyote.http11.Http11NioProtocol - Starting ProtocolHandler ["http-nio-8001"]
2022-10-09 19:48:33.885 [main] INFO  o.s.boot.web.embedded.tomcat.TomcatWebServer - Tomcat started on port(s): 8001 (http) with context path ''
2022-10-09 19:48:37.162 [main] INFO  org.springframework.cloud.commons.util.InetUtils - Cannot determine local hostname
2022-10-09 19:48:37.167 [main] INFO  com.atguigu.EduApplication - Started EduApplication in 14.197 seconds (JVM running for 16.804)
2022-10-09 22:33:56.878 [SpringContextShutdownHook] INFO  o.s.c.alibaba.nacos.registry.NacosServiceRegistry - De-registering from Nacos Server now...
2022-10-09 22:33:56.902 [SpringContextShutdownHook] INFO  o.s.c.alibaba.nacos.registry.NacosServiceRegistry - De-registration finished.
2022-10-09 22:33:56.904 [SpringContextShutdownHook] INFO  o.s.scheduling.concurrent.ThreadPoolTaskExecutor - Shutting down ExecutorService 'applicationTaskExecutor'
2022-10-09 22:33:56.947 [SpringContextShutdownHook] INFO  com.zaxxer.hikari.HikariDataSource - HikariPool-1 - Shutdown initiated...
2022-10-09 22:33:56.953 [SpringContextShutdownHook] INFO  com.zaxxer.hikari.HikariDataSource - HikariPool-1 - Shutdown completed.
2022-10-09 23:17:15.807 [main] INFO  com.atguigu.EduApplication - The following profiles are active: dev
2022-10-09 23:17:17.098 [main] INFO  o.s.d.r.config.RepositoryConfigurationDelegate - Multiple Spring Data modules found, entering strict repository configuration mode!
2022-10-09 23:17:17.105 [main] INFO  o.s.d.r.config.RepositoryConfigurationDelegate - Bootstrapping Spring Data repositories in DEFAULT mode.
2022-10-09 23:17:17.142 [main] INFO  o.s.d.r.config.RepositoryConfigurationDelegate - Finished Spring Data repository scanning in 18ms. Found 0 repository interfaces.
2022-10-09 23:17:17.478 [main] INFO  o.springframework.cloud.context.scope.GenericScope - BeanFactory id=0c4c8e16-b20c-39c9-bb46-2a31b79023d3
2022-10-09 23:17:17.672 [main] INFO  o.s.c.s.PostProcessorRegistrationDelegate$BeanPostProcessorChecker - Bean 'org.springframework.transaction.annotation.ProxyTransactionManagementConfiguration' of type [org.springframework.transaction.annotation.ProxyTransactionManagementConfiguration] is not eligible for getting processed by all BeanPostProcessors (for example: not eligible for auto-proxying)
2022-10-09 23:17:17.767 [main] INFO  o.s.c.s.PostProcessorRegistrationDelegate$BeanPostProcessorChecker - Bean 'org.springframework.cloud.autoconfigure.ConfigurationPropertiesRebinderAutoConfiguration' of type [org.springframework.cloud.autoconfigure.ConfigurationPropertiesRebinderAutoConfiguration] is not eligible for getting processed by all BeanPostProcessors (for example: not eligible for auto-proxying)
2022-10-09 23:17:18.101 [main] INFO  o.s.boot.web.embedded.tomcat.TomcatWebServer - Tomcat initialized with port(s): 8001 (http)
2022-10-09 23:17:18.118 [main] INFO  org.apache.coyote.http11.Http11NioProtocol - Initializing ProtocolHandler ["http-nio-8001"]
2022-10-09 23:17:18.118 [main] INFO  org.apache.catalina.core.StandardService - Starting service [Tomcat]
2022-10-09 23:17:18.118 [main] INFO  org.apache.catalina.core.StandardEngine - Starting Servlet engine: [Apache Tomcat/9.0.27]
2022-10-09 23:17:18.321 [main] INFO  o.a.c.core.ContainerBase.[Tomcat].[localhost].[/] - Initializing Spring embedded WebApplicationContext
2022-10-09 23:17:18.322 [main] INFO  org.springframework.web.context.ContextLoader - Root WebApplicationContext: initialization completed in 2489 ms
2022-10-09 23:17:18.631 [main] INFO  com.zaxxer.hikari.HikariDataSource - HikariPool-1 - Starting...
2022-10-09 23:17:18.903 [main] INFO  com.zaxxer.hikari.HikariDataSource - HikariPool-1 - Start completed.
2022-10-09 23:17:21.280 [main] INFO  s.d.s.w.PropertySourcedRequestMappingHandlerMapping - Mapped URL path [/v2/api-docs] onto method [springfox.documentation.swagger2.web.Swagger2Controller#getDocumentation(String, HttpServletRequest)]
2022-10-09 23:17:21.331 [main] INFO  com.netflix.config.sources.URLConfigurationSource - To enable URLs as dynamic configuration sources, define System property archaius.configurationSource.additionalUrls or make config.properties available on classpath.
2022-10-09 23:17:21.342 [main] INFO  com.netflix.config.sources.URLConfigurationSource - To enable URLs as dynamic configuration sources, define System property archaius.configurationSource.additionalUrls or make config.properties available on classpath.
2022-10-09 23:17:21.628 [main] INFO  o.s.scheduling.concurrent.ThreadPoolTaskExecutor - Initializing ExecutorService 'applicationTaskExecutor'
2022-10-09 23:17:23.456 [main] INFO  org.springframework.cloud.commons.util.InetUtils - Cannot determine local hostname
2022-10-09 23:17:23.559 [main] INFO  o.s.scheduling.concurrent.ThreadPoolTaskScheduler - Initializing ExecutorService
2022-10-09 23:17:24.922 [main] INFO  org.springframework.cloud.commons.util.InetUtils - Cannot determine local hostname
2022-10-09 23:17:26.240 [main] INFO  org.springframework.cloud.commons.util.InetUtils - Cannot determine local hostname
2022-10-09 23:17:26.457 [main] INFO  s.d.s.web.plugins.DocumentationPluginsBootstrapper - Context refreshed
2022-10-09 23:17:26.500 [main] INFO  s.d.s.web.plugins.DocumentationPluginsBootstrapper - Found 1 custom documentation plugin(s)
2022-10-09 23:17:26.566 [main] INFO  s.d.spring.web.scanners.ApiListingReferenceScanner - Scanning for api listing references
2022-10-09 23:17:27.188 [main] INFO  s.d.s.w.r.operation.CachingOperationNameGenerator - Generating unique operation named: updateCourseInfoUsingPOST_1
2022-10-09 23:17:27.219 [main] INFO  org.apache.coyote.http11.Http11NioProtocol - Starting ProtocolHandler ["http-nio-8001"]
2022-10-09 23:17:27.263 [main] INFO  o.s.boot.web.embedded.tomcat.TomcatWebServer - Tomcat started on port(s): 8001 (http) with context path ''
2022-10-09 23:17:30.844 [main] INFO  org.springframework.cloud.commons.util.InetUtils - Cannot determine local hostname
2022-10-09 23:17:30.846 [main] INFO  com.atguigu.EduApplication - Started EduApplication in 18.995 seconds (JVM running for 21.675)
